-----BEGIN PRIVATE KEY-----
MIIEvQIBADANBgkqhkiG9w0BAQEFAASCBKcwggSjAgEAAoIBAQCkbPhR3gjRyeBE
UZEKsd0iPFnrjXlftOS+wFL3L5sYlzYfoPjWKfB1MwaWdso70/PderX8q7Nah06s
hqcvUniyMPDWN5roNQ1m5VOqCKpx7AQchpTTJA5J/uU2QKT9xbQQQEZKdEl0Ie6p
pH/xGN+Rz0NR3mKkdwcmWiyt2M6GzzmVcTuW0WVTEn+1OM+cqX/xcoHCWzMzqjLV
UE818SHDHXejzma7hIP0vdeZz7AsLGnszYI359gtZeWJayLvN+PHwgz7mE40X+4R
+4KTPQFD8ikdeg3OZfiEco5dx8ihy3PGN/lIDDdlMy40bUHs47KruKeP4m8iKlU/
FsTFH3STAgMBAAECggEAA22sPdTB3VH2xaXnvs/XmwukGlfAVKEKdfm/oRzSgJBC
liU+mwST2XW/aOrAK8AvIQqaedLAsh4JI2rJWKDBGIIRu328UqQsi90zQePdXfO8
YDXkK4TgcWWJtPhjGFGDgCU+8fV7xJqihdICwu2wV7N5JV9cMi6zLPcLYHKZV9E4
tMHMyUhTaABT/netSXRDfYg8aQHEtJEPuZelr8S+hyaS32TM3K4TAgfHOrU/G5IC
/o091qZa9tDzxXubm/XftNXgXG+ZcsqafIWBQ8VqQmheFs+cgIqKiWmz1x74DAZn
Mp8mVws8E7OZTVbCKvsDWV18YZ2iSu8IfNarxVEKBQKBgQDoBZEfjRXjQOjOqrrd
PgxPMpEISw4AOSPRxQtCTWZANr4cDd5XzPAp4qfeUx7rWsBezWnDKIBz+R7LOLkj
RSmtKUOLDX+avkW0Nikv3SUGemNsC+HjyHodzrMa9DpBy6uxGmifqu+cJ1tv8O+9
LdmlKCh2eV39l9Rqdqxvj2a1bQKBgQC1aw/fgwOZPWT8S9dylEcGQfnu4fVMBPdK
Xdo242dTGJPO/kDw9hXEvbqwxzXQj6Szn3xm7+T7Qv/lr1MYAXPoXZC8gkouMH72
fI+TkqcaAzwHUMi4X3YwtSQZPcBDrRsg/fyxiJWC/jU5o32cZmTB2fU3KE/RchuT
UbSvsoaR/wKBgD6ioha+Y5ZBw5dnB6MKSRBoOjbe7ByrUDwk0XFIq73SCWhRZiCV
to/YHDEsh0BJ83ykP1Tr7iFgsytxWKlo1mNkrFMxha0kiHSp2lyNep1RFN3qJ0Ty
reS2FCvGmqOAdA0PcAcKgjzJcym5BT8wzXyEZsf046a+Ah3rg4lqUPPRAoGARTia
j9//iYLhe1q81B07lGmsIbfZzq2+ZYO19WeDTzN7gmmFAewDllQGXdlE8VU9tMPP
xb8XEcAYv9zLyccUIL9CsIrOHx2l9ArHBbnZRJWjW+85BxB1mlQjd/YV3Dy6szX2
Kw9AbQDt8hYtoXV4UHcHl4osGnB9kRKF7NwjeKUCgYEAvVeOUrYH8dceSHDwkKwC
DNhP8gdXZXDql9t6nwee9nkR59FXmu3vuURgGa77L4teTFD58ZEx0xhQ0RGFZWo2
6R1TaRK6lKYEQ+c3JZG4ziWAri1lIu/5cOAYMq5yGmOxmco/kvIUwW/5ni0AqjbT
IE50+ACzobFCkPybji8H55U=
-----END PRIVATE KEY-----
